<?xml version="1.0" encoding="UTF-8"?>
<testsuites name="Demo suite" time="25.072" tests="2" failures="0" errors="0">
   <testsuite name="Demo suite" tests="2" failures="0" errors="0" time="25.072" skipped="0" timestamp="30-04-2024T14:39:59" hostname="marwa - 192.168.1.4" id="Test Suites/Demo suite">
      <properties>
         <property name="deviceName" value=""/>
         <property name="devicePlatform" value=""/>
         <property name="logFolder" value="C:\\work\\STC\\KatalonProjects\\TrainingWebProject\\Reports\\20240430_143943\\Demo suite\\20240430_143953"/>
         <property name="logFiles" value="C:\\work\\STC\\KatalonProjects\\TrainingWebProject\\Reports\\20240430_143943\\Demo suite\\20240430_143953\\execution0.log"/>
         <property name="attachments" value=""/>
         <property name="hostName" value="marwa - 192.168.1.4"/>
         <property name="os" value="Windows 11 64bit"/>
         <property name="katalonVersion" value="9.4.0.212"/>
         <property name="browser" value="Chrome 124.0.0.0"/>
         <property name="hostAddress" value="192.168.1.4"/>
         <property name="sessionId" value="16eac99bc95f6ac01d3bd6dee2dc0165"/>
         <property name="seleniumVersion" value="3.141.59"/>
         <property name="proxyInformation" value="ProxyInformation { proxyOption=NO_PROXY, proxyServerType=HTTP, username=, password=********, proxyServerAddress=, proxyServerPort=0, executionList=&quot;&quot;, isApplyToDesiredCapabilities=true }"/>
         <property name="platform" value="Windows 11"/>
      </properties>
      <testcase name="Test Cases/Demo tests/Test8_DataDriven" time="15.45" classname="Test Cases/Demo tests/Test8_DataDriven" status="PASSED">
         <system-out><![CDATA[30-04-2024T14:39:59 - [TEST_CASE][PASSED] - Test Cases/Demo tests/Test8_DataDriven: Test Cases/Demo tests/Test8_DataDriven

30-04-2024T14:40:00 - [TEST_STEP][PASSED] - openBrowser(""): Browser is opened with url: ''

30-04-2024T14:40:00 - [MESSAGE][INFO] - Starting 'Chrome' driver

30-04-2024T14:40:00 - [MESSAGE][INFO] - Action delay is set to 0 milliseconds

30-04-2024T14:40:03 - [MESSAGE][PASSED] - Browser is opened with url: ''

30-04-2024T14:40:03 - [TEST_STEP][PASSED] - navigateToUrl("https://admin-demo.nopcommerce.com/login"): Navigate to 'https://admin-demo.nopcommerce.com/login' successfully

30-04-2024T14:40:05 - [MESSAGE][PASSED] - Navigate to 'https://admin-demo.nopcommerce.com/login' successfully

30-04-2024T14:40:05 - [TEST_STEP][PASSED] - setText(findTestObject("Object Repository/Page_Your store. Login/input_Email_Email"), username): Text 'admin@yourstore.com' is set on object 'Object Repository/Page_Your store. Login/input_Email_Email'

30-04-2024T14:40:06 - [MESSAGE][PASSED] - Text 'admin@yourstore.com' is set on object 'Object Repository/Page_Your store. Login/input_Email_Email'

30-04-2024T14:40:06 - [TEST_STEP][PASSED] - setEncryptedText(findTestObject("Object Repository/Page_Your store. Login/input_Password_Password"), password): Text ****** has been set on object 'Object Repository/Page_Your store. Login/input_Password_Password'

30-04-2024T14:40:07 - [MESSAGE][PASSED] - Text ****** has been set on object 'Object Repository/Page_Your store. Login/input_Password_Password'

30-04-2024T14:40:07 - [TEST_STEP][PASSED] - click(findTestObject("Object Repository/Page_Your store. Login/button_Log in")): Object: 'Object Repository/Page_Your store. Login/button_Log in' is clicked on

30-04-2024T14:40:09 - [MESSAGE][PASSED] - Object: 'Object Repository/Page_Your store. Login/button_Log in' is clicked on

30-04-2024T14:40:09 - [TEST_STEP][PASSED] - click(findTestObject("Object Repository/Page_Dashboard  nopCommerce administration/a_Logout")): Object: 'Object Repository/Page_Dashboard  nopCommerce administration/a_Logout' is clicked on

30-04-2024T14:40:13 - [MESSAGE][PASSED] - Object: 'Object Repository/Page_Dashboard  nopCommerce administration/a_Logout' is clicked on

30-04-2024T14:40:13 - [TEST_STEP][PASSED] - closeBrowser(): Browser is closed

30-04-2024T14:40:15 - [MESSAGE][PASSED] - Browser is closed]]></system-out>
         <system-err><![CDATA[]]></system-err>
      </testcase>
      <testcase name="Test Cases/Demo tests/Test8_DataDriven" time="9.301" classname="Test Cases/Demo tests/Test8_DataDriven" status="PASSED">
         <system-out><![CDATA[30-04-2024T14:40:15 - [TEST_CASE][PASSED] - Test Cases/Demo tests/Test8_DataDriven: Test Cases/Demo tests/Test8_DataDriven

30-04-2024T14:40:15 - [TEST_STEP][PASSED] - openBrowser(""): Browser is opened with url: ''

30-04-2024T14:40:15 - [MESSAGE][INFO] - Starting 'Chrome' driver

30-04-2024T14:40:15 - [MESSAGE][INFO] - Action delay is set to 0 milliseconds

30-04-2024T14:40:15 - [MESSAGE][PASSED] - Browser is opened with url: ''

30-04-2024T14:40:15 - [TEST_STEP][PASSED] - navigateToUrl("https://admin-demo.nopcommerce.com/login"): Navigate to 'https://admin-demo.nopcommerce.com/login' successfully

30-04-2024T14:40:17 - [MESSAGE][PASSED] - Navigate to 'https://admin-demo.nopcommerce.com/login' successfully

30-04-2024T14:40:17 - [TEST_STEP][PASSED] - setText(findTestObject("Object Repository/Page_Your store. Login/input_Email_Email"), username): Text 'admin@yourstore.com' is set on object 'Object Repository/Page_Your store. Login/input_Email_Email'

30-04-2024T14:40:18 - [MESSAGE][PASSED] - Text 'admin@yourstore.com' is set on object 'Object Repository/Page_Your store. Login/input_Email_Email'

30-04-2024T14:40:18 - [TEST_STEP][PASSED] - setEncryptedText(findTestObject("Object Repository/Page_Your store. Login/input_Password_Password"), password): Text ****** has been set on object 'Object Repository/Page_Your store. Login/input_Password_Password'

30-04-2024T14:40:18 - [MESSAGE][PASSED] - Text ****** has been set on object 'Object Repository/Page_Your store. Login/input_Password_Password'

30-04-2024T14:40:18 - [TEST_STEP][PASSED] - click(findTestObject("Object Repository/Page_Your store. Login/button_Log in")): Object: 'Object Repository/Page_Your store. Login/button_Log in' is clicked on

30-04-2024T14:40:21 - [MESSAGE][PASSED] - Object: 'Object Repository/Page_Your store. Login/button_Log in' is clicked on

30-04-2024T14:40:21 - [TEST_STEP][PASSED] - click(findTestObject("Object Repository/Page_Dashboard  nopCommerce administration/a_Logout")): Object: 'Object Repository/Page_Dashboard  nopCommerce administration/a_Logout' is clicked on

30-04-2024T14:40:24 - [MESSAGE][PASSED] - Object: 'Object Repository/Page_Dashboard  nopCommerce administration/a_Logout' is clicked on

30-04-2024T14:40:24 - [TEST_STEP][PASSED] - closeBrowser(): Browser is closed

30-04-2024T14:40:24 - [MESSAGE][PASSED] - Browser is closed]]></system-out>
         <system-err><![CDATA[]]></system-err>
      </testcase>
      <system-out><![CDATA[30-04-2024T14:39:59 - [TEST_SUITE][PASSED] - Demo suite: Test Cases/Demo tests/Test8_DataDriven]]></system-out>
      <system-err><![CDATA[]]></system-err>
   </testsuite>
</testsuites>
