<?xml version="1.0" encoding="UTF-8"?>
<testsuites name="Demo suite" time="31.4" tests="3" failures="0" errors="0">
   <testsuite name="Demo suite" tests="3" failures="0" errors="0" time="31.4" skipped="0" timestamp="22-04-2024T11:00:42" hostname="marwa - 192.168.1.4" id="Test Suites/Demo suite">
      <properties>
         <property name="deviceName" value=""/>
         <property name="devicePlatform" value=""/>
         <property name="logFolder" value="C:\\work\\STC\\KatalonProjects\\TrainingWebProject\\Reports\\20240422_110036\\Demo suite\\20240422_110036"/>
         <property name="logFiles" value="C:\\work\\STC\\KatalonProjects\\TrainingWebProject\\Reports\\20240422_110036\\Demo suite\\20240422_110036\\execution0.log"/>
         <property name="attachments" value=""/>
         <property name="hostName" value="marwa - 192.168.1.4"/>
         <property name="os" value="Windows 11 64bit"/>
         <property name="katalonVersion" value="9.4.0.212"/>
         <property name="browser" value="Chrome 124.0.0.0"/>
         <property name="hostAddress" value="192.168.1.4"/>
         <property name="sessionId" value="139652f1105d0c993410abbcb14a2cb6"/>
         <property name="seleniumVersion" value="3.141.59"/>
         <property name="proxyInformation" value="ProxyInformation { proxyOption=NO_PROXY, proxyServerType=HTTP, username=, password=********, proxyServerAddress=, proxyServerPort=0, executionList=&quot;&quot;, isApplyToDesiredCapabilities=true }"/>
         <property name="platform" value="Windows 11"/>
      </properties>
      <testcase name="Test Cases/Demo tests/Test1_RecordMode" time="12.737" classname="Test Cases/Demo tests/Test1_RecordMode" status="PASSED">
         <system-out><![CDATA[22-04-2024T11:00:43 - [TEST_CASE][PASSED] - Test Cases/Demo tests/Test1_RecordMode: Test Cases/Demo tests/Test1_RecordMode

22-04-2024T11:00:43 - [TEST_STEP][PASSED] - openBrowser(""): Browser is opened with url: ''

22-04-2024T11:00:44 - [MESSAGE][INFO] - Starting 'Chrome' driver

22-04-2024T11:00:44 - [MESSAGE][INFO] - Action delay is set to 0 milliseconds

22-04-2024T11:00:45 - [MESSAGE][PASSED] - Browser is opened with url: ''

22-04-2024T11:00:45 - [TEST_STEP][PASSED] - navigateToUrl("https://katalon-demo-cura.herokuapp.com/"): Navigate to 'https://katalon-demo-cura.herokuapp.com/' successfully

22-04-2024T11:00:48 - [MESSAGE][PASSED] - Navigate to 'https://katalon-demo-cura.herokuapp.com/' successfully

22-04-2024T11:00:48 - [TEST_STEP][PASSED] - click(findTestObject("Object Repository/Page_CURA Healthcare Service/a_Make Appointment")): Object: 'Object Repository/Page_CURA Healthcare Service/a_Make Appointment' is clicked on

22-04-2024T11:00:49 - [MESSAGE][PASSED] - Object: 'Object Repository/Page_CURA Healthcare Service/a_Make Appointment' is clicked on

22-04-2024T11:00:49 - [TEST_STEP][PASSED] - setText(findTestObject("Object Repository/Page_CURA Healthcare Service/input_Username_username"), "John Doe"): Text 'John Doe' is set on object 'Object Repository/Page_CURA Healthcare Service/input_Username_username'

22-04-2024T11:00:50 - [MESSAGE][PASSED] - Text 'John Doe' is set on object 'Object Repository/Page_CURA Healthcare Service/input_Username_username'

22-04-2024T11:00:50 - [TEST_STEP][PASSED] - setEncryptedText(findTestObject("Object Repository/Page_CURA Healthcare Service/input_Password_password"), "9NLz+4tGZcQ="): Text ****** has been set on object 'Object Repository/Page_CURA Healthcare Service/input_Password_password'

22-04-2024T11:00:50 - [MESSAGE][PASSED] - Text ****** has been set on object 'Object Repository/Page_CURA Healthcare Service/input_Password_password'

22-04-2024T11:00:50 - [TEST_STEP][PASSED] - click(findTestObject("Object Repository/Page_CURA Healthcare Service/div_Demo account_form-group")): Object: 'Object Repository/Page_CURA Healthcare Service/div_Demo account_form-group' is clicked on

22-04-2024T11:00:50 - [MESSAGE][PASSED] - Object: 'Object Repository/Page_CURA Healthcare Service/div_Demo account_form-group' is clicked on

22-04-2024T11:00:50 - [TEST_STEP][PASSED] - setEncryptedText(findTestObject("Object Repository/Page_CURA Healthcare Service/input_Password_password"), "g3/DOGG74jC3Flrr3yH+3D/yKbOqqUNM"): Text ****** has been set on object 'Object Repository/Page_CURA Healthcare Service/input_Password_password'

22-04-2024T11:00:51 - [MESSAGE][PASSED] - Text ****** has been set on object 'Object Repository/Page_CURA Healthcare Service/input_Password_password'

22-04-2024T11:00:51 - [TEST_STEP][PASSED] - click(findTestObject("Object Repository/Page_CURA Healthcare Service/button_Login")): Object: 'Object Repository/Page_CURA Healthcare Service/button_Login' is clicked on

22-04-2024T11:00:51 - [MESSAGE][PASSED] - Object: 'Object Repository/Page_CURA Healthcare Service/button_Login' is clicked on

22-04-2024T11:00:51 - [TEST_STEP][PASSED] - selectOptionByValue(findTestObject("Object Repository/Page_CURA Healthcare Service/select_Tokyo CURA Healthcare Center        _5b4107"), "Hongkong CURA Healthcare Center", true): All options with value 'Hongkong CURA Healthcare Center' are selected in object 'Object Repository/Page_CURA Healthcare Service/select_Tokyo CURA Healthcare Center        _5b4107'  using regular expression

22-04-2024T11:00:53 - [MESSAGE][PASSED] - All options with value 'Hongkong CURA Healthcare Center' are selected in object 'Object Repository/Page_CURA Healthcare Service/select_Tokyo CURA Healthcare Center        _5b4107'  using regular expression

22-04-2024T11:00:53 - [TEST_STEP][PASSED] - waitForPageLoad(5): Wait for page load successfully

22-04-2024T11:00:53 - [MESSAGE][PASSED] - Wait for page load successfully

22-04-2024T11:00:53 - [TEST_STEP][PASSED] - click(findTestObject("Object Repository/Page_CURA Healthcare Service/input_Apply for hospital readmission_hospit_63901f")): Object: 'Object Repository/Page_CURA Healthcare Service/input_Apply for hospital readmission_hospit_63901f' is clicked on

22-04-2024T11:00:53 - [MESSAGE][PASSED] - Object: 'Object Repository/Page_CURA Healthcare Service/input_Apply for hospital readmission_hospit_63901f' is clicked on

22-04-2024T11:00:53 - [TEST_STEP][PASSED] - click(findTestObject("Object Repository/Page_CURA Healthcare Service/span_Visit Date (Required)_glyphicon glyphi_cada34")): Object: 'Object Repository/Page_CURA Healthcare Service/span_Visit Date (Required)_glyphicon glyphi_cada34' is clicked on

22-04-2024T11:00:53 - [MESSAGE][PASSED] - Object: 'Object Repository/Page_CURA Healthcare Service/span_Visit Date (Required)_glyphicon glyphi_cada34' is clicked on

22-04-2024T11:00:53 - [TEST_STEP][PASSED] - click(findTestObject("Object Repository/Page_CURA Healthcare Service/td_26")): Object: 'Object Repository/Page_CURA Healthcare Service/td_26' is clicked on

22-04-2024T11:00:54 - [MESSAGE][PASSED] - Object: 'Object Repository/Page_CURA Healthcare Service/td_26' is clicked on

22-04-2024T11:00:54 - [TEST_STEP][PASSED] - setText(findTestObject("Object Repository/Page_CURA Healthcare Service/textarea_Comment_comment"), "connet"): Text 'connet' is set on object 'Object Repository/Page_CURA Healthcare Service/textarea_Comment_comment'

22-04-2024T11:00:55 - [MESSAGE][PASSED] - Text 'connet' is set on object 'Object Repository/Page_CURA Healthcare Service/textarea_Comment_comment'

22-04-2024T11:00:55 - [TEST_STEP][PASSED] - rightClick(findTestObject("Object Repository/Page_CURA Healthcare Service/textarea_Comment_comment")): Object: 'Object Repository/Page_CURA Healthcare Service/textarea_Comment_comment' is right clicked on

22-04-2024T11:00:55 - [MESSAGE][PASSED] - Object: 'Object Repository/Page_CURA Healthcare Service/textarea_Comment_comment' is right clicked on

22-04-2024T11:00:55 - [TEST_STEP][PASSED] - closeBrowser(): Browser is closed

22-04-2024T11:00:55 - [MESSAGE][PASSED] - Browser is closed]]></system-out>
         <system-err><![CDATA[]]></system-err>
      </testcase>
      <testcase name="Test Cases/Demo tests/Test2_ManualMode" time="9.458" classname="Test Cases/Demo tests/Test2_ManualMode" status="PASSED">
         <system-out><![CDATA[22-04-2024T11:00:55 - [TEST_CASE][PASSED] - Test Cases/Demo tests/Test2_ManualMode: Test Cases/Demo tests/Test2_ManualMode

22-04-2024T11:00:55 - [TEST_STEP][PASSED] - openBrowser(""): Browser is opened with url: ''

22-04-2024T11:00:55 - [MESSAGE][INFO] - Starting 'Chrome' driver

22-04-2024T11:00:55 - [MESSAGE][INFO] - Action delay is set to 0 milliseconds

22-04-2024T11:00:56 - [MESSAGE][PASSED] - Browser is opened with url: ''

22-04-2024T11:00:56 - [TEST_STEP][PASSED] - navigateToUrl("https://opensource-demo.orangehrmlive.com/web/index.php/auth/login"): Navigate to 'https://opensource-demo.orangehrmlive.com/web/index.php/auth/login' successfully

22-04-2024T11:00:59 - [MESSAGE][PASSED] - Navigate to 'https://opensource-demo.orangehrmlive.com/web/index.php/auth/login' successfully

22-04-2024T11:00:59 - [TEST_STEP][PASSED] - setText(findTestObject("Page_OrangeHRM/input_Username_username"), "Admin"): Text 'Admin' is set on object 'Object Repository/Page_OrangeHRM/input_Username_username'

22-04-2024T11:01:01 - [MESSAGE][PASSED] - Text 'Admin' is set on object 'Object Repository/Page_OrangeHRM/input_Username_username'

22-04-2024T11:01:01 - [TEST_STEP][PASSED] - setEncryptedText(findTestObject("Page_OrangeHRM/input_Password_password"), "hUKwJTbofgPU9eVlw/CnDQ=="): Text ****** has been set on object 'Object Repository/Page_OrangeHRM/input_Password_password'

22-04-2024T11:01:01 - [MESSAGE][PASSED] - Text ****** has been set on object 'Object Repository/Page_OrangeHRM/input_Password_password'

22-04-2024T11:01:01 - [TEST_STEP][PASSED] - click(findTestObject("Page_OrangeHRM/button_Login")): Object: 'Object Repository/Page_OrangeHRM/button_Login' is clicked on

22-04-2024T11:01:02 - [MESSAGE][PASSED] - Object: 'Object Repository/Page_OrangeHRM/button_Login' is clicked on

22-04-2024T11:01:02 - [TEST_STEP][PASSED] - verifyElementVisible(findTestObject("Page_OrangeHRM/h6_Dashboard")): Object 'Object Repository/Page_OrangeHRM/h6_Dashboard' is visible

22-04-2024T11:01:05 - [MESSAGE][PASSED] - Object 'Object Repository/Page_OrangeHRM/h6_Dashboard' is visible

22-04-2024T11:01:05 - [TEST_STEP][PASSED] - closeBrowser(): Browser is closed

22-04-2024T11:01:05 - [MESSAGE][PASSED] - Browser is closed]]></system-out>
         <system-err><![CDATA[]]></system-err>
      </testcase>
      <testcase name="Test Cases/Demo tests/Test3_ScriptMode" time="8.939" classname="Test Cases/Demo tests/Test3_ScriptMode" status="PASSED">
         <system-out><![CDATA[22-04-2024T11:01:05 - [TEST_CASE][PASSED] - Test Cases/Demo tests/Test3_ScriptMode: Test Cases/Demo tests/Test3_ScriptMode

22-04-2024T11:01:05 - [TEST_STEP][PASSED] - openBrowser("https://opensource-demo.orangehrmlive.com/web/index.php/auth/login"): Browser is opened with url: 'https://opensource-demo.orangehrmlive.com/web/index.php/auth/login'

22-04-2024T11:01:05 - [MESSAGE][INFO] - Starting 'Chrome' driver

22-04-2024T11:01:05 - [MESSAGE][INFO] - Action delay is set to 0 milliseconds

22-04-2024T11:01:09 - [MESSAGE][PASSED] - Browser is opened with url: 'https://opensource-demo.orangehrmlive.com/web/index.php/auth/login'

22-04-2024T11:01:09 - [TEST_STEP][PASSED] - setText(findTestObject("Object Repository/Page_OrangeHRM/input_Username_username"), "Admin"): Text 'Admin' is set on object 'Object Repository/Page_OrangeHRM/input_Username_username'

22-04-2024T11:01:10 - [MESSAGE][PASSED] - Text 'Admin' is set on object 'Object Repository/Page_OrangeHRM/input_Username_username'

22-04-2024T11:01:10 - [TEST_STEP][PASSED] - setEncryptedText(findTestObject("Page_OrangeHRM/input_Password_password"), "hUKwJTbofgPU9eVlw/CnDQ=="): Text ****** has been set on object 'Object Repository/Page_OrangeHRM/input_Password_password'

22-04-2024T11:01:10 - [MESSAGE][PASSED] - Text ****** has been set on object 'Object Repository/Page_OrangeHRM/input_Password_password'

22-04-2024T11:01:10 - [TEST_STEP][PASSED] - click(findTestObject("Page_OrangeHRM/button_Login")): Object: 'Object Repository/Page_OrangeHRM/button_Login' is clicked on

22-04-2024T11:01:11 - [MESSAGE][PASSED] - Object: 'Object Repository/Page_OrangeHRM/button_Login' is clicked on

22-04-2024T11:01:11 - [TEST_STEP][PASSED] - verifyElementVisible(findTestObject("Page_OrangeHRM/h6_Dashboard")): Object 'Object Repository/Page_OrangeHRM/h6_Dashboard' is visible

22-04-2024T11:01:14 - [MESSAGE][PASSED] - Object 'Object Repository/Page_OrangeHRM/h6_Dashboard' is visible

22-04-2024T11:01:14 - [TEST_STEP][PASSED] - closeBrowser(): Browser is closed

22-04-2024T11:01:14 - [MESSAGE][PASSED] - Browser is closed]]></system-out>
         <system-err><![CDATA[]]></system-err>
      </testcase>
      <system-out><![CDATA[22-04-2024T11:00:42 - [TEST_SUITE][PASSED] - Demo suite: Test Cases/Demo tests/Test3_ScriptMode]]></system-out>
      <system-err><![CDATA[]]></system-err>
   </testsuite>
</testsuites>
